<?xml version="1.0" encoding="UTF-8"?>
<testsuite xmlns:xsi="http://www.w3.org/2001/XMLSchema-instance" xsi:noNamespaceSchemaLocation="https://maven.apache.org/surefire/maven-surefire-plugin/xsd/surefire-test-report-3.0.xsd" version="3.0" name="MainTest" time="15.964" tests="3" errors="0" skipped="0" failures="0">
  <properties>
    <property name="sun.desktop" value="windows"/>
    <property name="awt.toolkit" value="sun.awt.windows.WToolkit"/>
    <property name="file.encoding.pkg" value="sun.io"/>
    <property name="java.specification.version" value="1.8"/>
    <property name="webdriver.chrome.driver" value="C:\Users\kirgintseva\.cache\selenium\chromedriver\win32\108.0.5359.71\chromedriver.exe"/>
    <property name="sun.cpu.isalist" value="amd64"/>
    <property name="sun.jnu.encoding" value="Cp1251"/>
    <property name="java.class.path" value="C:\Users\kirgintseva\IdeaProjects\Homework_4\target\test-classes;C:\Users\kirgintseva\IdeaProjects\Homework_4\target\classes;C:\Users\kirgintseva\.m2\repository\org\junit\jupiter\junit-jupiter-api\5.9.1\junit-jupiter-api-5.9.1.jar;C:\Users\kirgintseva\.m2\repository\org\opentest4j\opentest4j\1.2.0\opentest4j-1.2.0.jar;C:\Users\kirgintseva\.m2\repository\org\junit\platform\junit-platform-commons\1.9.1\junit-platform-commons-1.9.1.jar;C:\Users\kirgintseva\.m2\repository\org\apiguardian\apiguardian-api\1.1.2\apiguardian-api-1.1.2.jar;C:\Users\kirgintseva\.m2\repository\org\seleniumhq\selenium\selenium-java\4.7.1\selenium-java-4.7.1.jar;C:\Users\kirgintseva\.m2\repository\org\seleniumhq\selenium\selenium-api\4.7.1\selenium-api-4.7.1.jar;C:\Users\kirgintseva\.m2\repository\org\seleniumhq\selenium\selenium-chrome-driver\4.7.1\selenium-chrome-driver-4.7.1.jar;C:\Users\kirgintseva\.m2\repository\com\google\auto\service\auto-service-annotations\1.0.1\auto-service-annotations-1.0.1.jar;C:\Users\kirgintseva\.m2\repository\com\google\auto\service\auto-service\1.0.1\auto-service-1.0.1.jar;C:\Users\kirgintseva\.m2\repository\com\google\auto\auto-common\1.2\auto-common-1.2.jar;C:\Users\kirgintseva\.m2\repository\com\google\guava\guava\31.1-jre\guava-31.1-jre.jar;C:\Users\kirgintseva\.m2\repository\com\google\guava\failureaccess\1.0.1\failureaccess-1.0.1.jar;C:\Users\kirgintseva\.m2\repository\com\google\guava\listenablefuture\9999.0-empty-to-avoid-conflict-with-guava\listenablefuture-9999.0-empty-to-avoid-conflict-with-guava.jar;C:\Users\kirgintseva\.m2\repository\com\google\code\findbugs\jsr305\3.0.2\jsr305-3.0.2.jar;C:\Users\kirgintseva\.m2\repository\org\checkerframework\checker-qual\3.12.0\checker-qual-3.12.0.jar;C:\Users\kirgintseva\.m2\repository\com\google\errorprone\error_prone_annotations\2.11.0\error_prone_annotations-2.11.0.jar;C:\Users\kirgintseva\.m2\repository\com\google\j2objc\j2objc-annotations\1.3\j2objc-annotations-1.3.jar;C:\Users\kirgintseva\.m2\repository\org\seleniumhq\selenium\selenium-chromium-driver\4.7.1\selenium-chromium-driver-4.7.1.jar;C:\Users\kirgintseva\.m2\repository\org\seleniumhq\selenium\selenium-json\4.7.1\selenium-json-4.7.1.jar;C:\Users\kirgintseva\.m2\repository\org\seleniumhq\selenium\selenium-devtools-v106\4.7.1\selenium-devtools-v106-4.7.1.jar;C:\Users\kirgintseva\.m2\repository\org\seleniumhq\selenium\selenium-devtools-v107\4.7.1\selenium-devtools-v107-4.7.1.jar;C:\Users\kirgintseva\.m2\repository\org\seleniumhq\selenium\selenium-devtools-v108\4.7.1\selenium-devtools-v108-4.7.1.jar;C:\Users\kirgintseva\.m2\repository\org\seleniumhq\selenium\selenium-devtools-v85\4.7.1\selenium-devtools-v85-4.7.1.jar;C:\Users\kirgintseva\.m2\repository\org\seleniumhq\selenium\selenium-edge-driver\4.7.1\selenium-edge-driver-4.7.1.jar;C:\Users\kirgintseva\.m2\repository\org\seleniumhq\selenium\selenium-firefox-driver\4.7.1\selenium-firefox-driver-4.7.1.jar;C:\Users\kirgintseva\.m2\repository\org\seleniumhq\selenium\selenium-http\4.7.1\selenium-http-4.7.1.jar;C:\Users\kirgintseva\.m2\repository\dev\failsafe\failsafe\3.3.0\failsafe-3.3.0.jar;C:\Users\kirgintseva\.m2\repository\org\seleniumhq\selenium\selenium-ie-driver\4.7.1\selenium-ie-driver-4.7.1.jar;C:\Users\kirgintseva\.m2\repository\org\seleniumhq\selenium\selenium-remote-driver\4.7.1\selenium-remote-driver-4.7.1.jar;C:\Users\kirgintseva\.m2\repository\com\beust\jcommander\1.82\jcommander-1.82.jar;C:\Users\kirgintseva\.m2\repository\io\netty\netty-buffer\4.1.84.Final\netty-buffer-4.1.84.Final.jar;C:\Users\kirgintseva\.m2\repository\io\netty\netty-codec-http\4.1.84.Final\netty-codec-http-4.1.84.Final.jar;C:\Users\kirgintseva\.m2\repository\io\netty\netty-codec\4.1.84.Final\netty-codec-4.1.84.Final.jar;C:\Users\kirgintseva\.m2\repository\io\netty\netty-handler\4.1.84.Final\netty-handler-4.1.84.Final.jar;C:\Users\kirgintseva\.m2\repository\io\netty\netty-common\4.1.84.Final\netty-common-4.1.84.Final.jar;C:\Users\kirgintseva\.m2\repository\io\netty\netty-transport-classes-epoll\4.1.84.Final\netty-transport-classes-epoll-4.1.84.Final.jar;C:\Users\kirgintseva\.m2\repository\io\netty\netty-transport-classes-kqueue\4.1.84.Final\netty-transport-classes-kqueue-4.1.84.Final.jar;C:\Users\kirgintseva\.m2\repository\io\netty\netty-transport-native-epoll\4.1.84.Final\netty-transport-native-epoll-4.1.84.Final.jar;C:\Users\kirgintseva\.m2\repository\io\netty\netty-transport-native-kqueue\4.1.84.Final\netty-transport-native-kqueue-4.1.84.Final.jar;C:\Users\kirgintseva\.m2\repository\io\netty\netty-transport-native-unix-common\4.1.84.Final\netty-transport-native-unix-common-4.1.84.Final.jar;C:\Users\kirgintseva\.m2\repository\io\netty\netty-transport\4.1.84.Final\netty-transport-4.1.84.Final.jar;C:\Users\kirgintseva\.m2\repository\io\netty\netty-resolver\4.1.84.Final\netty-resolver-4.1.84.Final.jar;C:\Users\kirgintseva\.m2\repository\io\opentelemetry\opentelemetry-api\1.19.0\opentelemetry-api-1.19.0.jar;C:\Users\kirgintseva\.m2\repository\io\opentelemetry\opentelemetry-context\1.19.0\opentelemetry-context-1.19.0.jar;C:\Users\kirgintseva\.m2\repository\io\opentelemetry\opentelemetry-exporter-logging\1.19.0\opentelemetry-exporter-logging-1.19.0.jar;C:\Users\kirgintseva\.m2\repository\io\opentelemetry\opentelemetry-sdk-metrics\1.19.0\opentelemetry-sdk-metrics-1.19.0.jar;C:\Users\kirgintseva\.m2\repository\io\opentelemetry\opentelemetry-sdk-logs\1.19.0-alpha\opentelemetry-sdk-logs-1.19.0-alpha.jar;C:\Users\kirgintseva\.m2\repository\io\opentelemetry\opentelemetry-api-logs\1.19.0-alpha\opentelemetry-api-logs-1.19.0-alpha.jar;C:\Users\kirgintseva\.m2\repository\io\opentelemetry\opentelemetry-sdk-common\1.19.0\opentelemetry-sdk-common-1.19.0.jar;C:\Users\kirgintseva\.m2\repository\io\opentelemetry\opentelemetry-sdk-extension-autoconfigure-spi\1.19.0\opentelemetry-sdk-extension-autoconfigure-spi-1.19.0.jar;C:\Users\kirgintseva\.m2\repository\io\opentelemetry\opentelemetry-sdk-extension-autoconfigure\1.19.0-alpha\opentelemetry-sdk-extension-autoconfigure-1.19.0-alpha.jar;C:\Users\kirgintseva\.m2\repository\io\opentelemetry\opentelemetry-exporter-common\1.19.0\opentelemetry-exporter-common-1.19.0.jar;C:\Users\kirgintseva\.m2\repository\io\opentelemetry\opentelemetry-sdk-trace\1.19.0\opentelemetry-sdk-trace-1.19.0.jar;C:\Users\kirgintseva\.m2\repository\io\opentelemetry\opentelemetry-sdk\1.19.0\opentelemetry-sdk-1.19.0.jar;C:\Users\kirgintseva\.m2\repository\io\opentelemetry\opentelemetry-semconv\1.19.0-alpha\opentelemetry-semconv-1.19.0-alpha.jar;C:\Users\kirgintseva\.m2\repository\io\ous\jtoml\2.0.0\jtoml-2.0.0.jar;C:\Users\kirgintseva\.m2\repository\net\bytebuddy\byte-buddy\1.12.18\byte-buddy-1.12.18.jar;C:\Users\kirgintseva\.m2\repository\org\apache\commons\commons-exec\1.3\commons-exec-1.3.jar;C:\Users\kirgintseva\.m2\repository\org\asynchttpclient\async-http-client\2.12.3\async-http-client-2.12.3.jar;C:\Users\kirgintseva\.m2\repository\org\asynchttpclient\async-http-client-netty-utils\2.12.3\async-http-client-netty-utils-2.12.3.jar;C:\Users\kirgintseva\.m2\repository\io\netty\netty-codec-socks\4.1.60.Final\netty-codec-socks-4.1.60.Final.jar;C:\Users\kirgintseva\.m2\repository\io\netty\netty-handler-proxy\4.1.60.Final\netty-handler-proxy-4.1.60.Final.jar;C:\Users\kirgintseva\.m2\repository\io\netty\netty-transport-native-epoll\4.1.60.Final\netty-transport-native-epoll-4.1.60.Final-linux-x86_64.jar;C:\Users\kirgintseva\.m2\repository\io\netty\netty-transport-native-kqueue\4.1.60.Final\netty-transport-native-kqueue-4.1.60.Final-osx-x86_64.jar;C:\Users\kirgintseva\.m2\repository\org\reactivestreams\reactive-streams\1.0.3\reactive-streams-1.0.3.jar;C:\Users\kirgintseva\.m2\repository\com\typesafe\netty\netty-reactive-streams\2.0.4\netty-reactive-streams-2.0.4.jar;C:\Users\kirgintseva\.m2\repository\com\sun\activation\jakarta.activation\1.2.2\jakarta.activation-1.2.2.jar;C:\Users\kirgintseva\.m2\repository\org\seleniumhq\selenium\selenium-manager\4.7.1\selenium-manager-4.7.1.jar;C:\Users\kirgintseva\.m2\repository\org\seleniumhq\selenium\selenium-safari-driver\4.7.1\selenium-safari-driver-4.7.1.jar;C:\Users\kirgintseva\.m2\repository\org\seleniumhq\selenium\selenium-support\4.7.1\selenium-support-4.7.1.jar;C:\Users\kirgintseva\.m2\repository\io\github\bonigarcia\webdrivermanager\5.3.1\webdrivermanager-5.3.1.jar;C:\Users\kirgintseva\.m2\repository\org\slf4j\slf4j-api\2.0.3\slf4j-api-2.0.3.jar;C:\Users\kirgintseva\.m2\repository\com\google\code\gson\gson\2.10\gson-2.10.jar;C:\Users\kirgintseva\.m2\repository\com\github\docker-java\docker-java\3.2.13\docker-java-3.2.13.jar;C:\Users\kirgintseva\.m2\repository\com\github\docker-java\docker-java-core\3.2.13\docker-java-core-3.2.13.jar;C:\Users\kirgintseva\.m2\repository\com\github\docker-java\docker-java-api\3.2.13\docker-java-api-3.2.13.jar;C:\Users\kirgintseva\.m2\repository\com\fasterxml\jackson\core\jackson-annotations\2.10.3\jackson-annotations-2.10.3.jar;C:\Users\kirgintseva\.m2\repository\org\apache\commons\commons-compress\1.21\commons-compress-1.21.jar;C:\Users\kirgintseva\.m2\repository\com\fasterxml\jackson\core\jackson-databind\2.10.3\jackson-databind-2.10.3.jar;C:\Users\kirgintseva\.m2\repository\com\fasterxml\jackson\core\jackson-core\2.10.3\jackson-core-2.10.3.jar;C:\Users\kirgintseva\.m2\repository\org\bouncycastle\bcpkix-jdk15on\1.64\bcpkix-jdk15on-1.64.jar;C:\Users\kirgintseva\.m2\repository\org\bouncycastle\bcprov-jdk15on\1.64\bcprov-jdk15on-1.64.jar;C:\Users\kirgintseva\.m2\repository\org\slf4j\jcl-over-slf4j\1.7.30\jcl-over-slf4j-1.7.30.jar;C:\Users\kirgintseva\.m2\repository\com\github\docker-java\docker-java-transport-httpclient5\3.2.13\docker-java-transport-httpclient5-3.2.13.jar;C:\Users\kirgintseva\.m2\repository\com\github\docker-java\docker-java-transport\3.2.13\docker-java-transport-3.2.13.jar;C:\Users\kirgintseva\.m2\repository\net\java\dev\jna\jna\5.8.0\jna-5.8.0.jar;C:\Users\kirgintseva\.m2\repository\org\brotli\dec\0.1.2\dec-0.1.2.jar;C:\Users\kirgintseva\.m2\repository\org\apache\commons\commons-lang3\3.12.0\commons-lang3-3.12.0.jar;C:\Users\kirgintseva\.m2\repository\org\apache\httpcomponents\client5\httpclient5\5.1.3\httpclient5-5.1.3.jar;C:\Users\kirgintseva\.m2\repository\org\apache\httpcomponents\core5\httpcore5\5.1.3\httpcore5-5.1.3.jar;C:\Users\kirgintseva\.m2\repository\org\apache\httpcomponents\core5\httpcore5-h2\5.1.3\httpcore5-h2-5.1.3.jar;C:\Users\kirgintseva\.m2\repository\commons-codec\commons-codec\1.15\commons-codec-1.15.jar;C:\Users\kirgintseva\.m2\repository\org\apache\maven\plugins\maven-surefire-plugin\3.0.0-M7\maven-surefire-plugin-3.0.0-M7.jar;C:\Users\kirgintseva\.m2\repository\org\apache\maven\surefire\maven-surefire-common\3.0.0-M7\maven-surefire-common-3.0.0-M7.jar;C:\Users\kirgintseva\.m2\repository\org\apache\maven\surefire\surefire-api\3.0.0-M7\surefire-api-3.0.0-M7.jar;C:\Users\kirgintseva\.m2\repository\org\apache\maven\surefire\surefire-logger-api\3.0.0-M7\surefire-logger-api-3.0.0-M7.jar;C:\Users\kirgintseva\.m2\repository\org\apache\maven\surefire\surefire-extensions-api\3.0.0-M7\surefire-extensions-api-3.0.0-M7.jar;C:\Users\kirgintseva\.m2\repository\org\apache\maven\surefire\surefire-booter\3.0.0-M7\surefire-booter-3.0.0-M7.jar;C:\Users\kirgintseva\.m2\repository\org\apache\maven\surefire\surefire-extensions-spi\3.0.0-M7\surefire-extensions-spi-3.0.0-M7.jar;C:\Users\kirgintseva\.m2\repository\org\apache\maven\shared\maven-common-artifact-filters\3.1.1\maven-common-artifact-filters-3.1.1.jar;C:\Users\kirgintseva\.m2\repository\org\apache\maven\maven-artifact\3.1.0\maven-artifact-3.1.0.jar;C:\Users\kirgintseva\.m2\repository\org\apache\maven\maven-core\3.1.0\maven-core-3.1.0.jar;C:\Users\kirgintseva\.m2\repository\org\apache\maven\maven-settings\3.1.0\maven-settings-3.1.0.jar;C:\Users\kirgintseva\.m2\repository\org\apache\maven\maven-settings-builder\3.1.0\maven-settings-builder-3.1.0.jar;C:\Users\kirgintseva\.m2\repository\org\apache\maven\maven-repository-metadata\3.1.0\maven-repository-metadata-3.1.0.jar;C:\Users\kirgintseva\.m2\repository\org\apache\maven\maven-model-builder\3.1.0\maven-model-builder-3.1.0.jar;C:\Users\kirgintseva\.m2\repository\org\apache\maven\maven-aether-provider\3.1.0\maven-aether-provider-3.1.0.jar;C:\Users\kirgintseva\.m2\repository\org\eclipse\aether\aether-spi\0.9.0.M2\aether-spi-0.9.0.M2.jar;C:\Users\kirgintseva\.m2\repository\org\eclipse\aether\aether-impl\0.9.0.M2\aether-impl-0.9.0.M2.jar;C:\Users\kirgintseva\.m2\repository\org\eclipse\aether\aether-api\0.9.0.M2\aether-api-0.9.0.M2.jar;C:\Users\kirgintseva\.m2\repository\org\eclipse\aether\aether-util\0.9.0.M2\aether-util-0.9.0.M2.jar;C:\Users\kirgintseva\.m2\repository\org\eclipse\sisu\org.eclipse.sisu.plexus\0.0.0.M2a\org.eclipse.sisu.plexus-0.0.0.M2a.jar;C:\Users\kirgintseva\.m2\repository\javax\enterprise\cdi-api\1.0\cdi-api-1.0.jar;C:\Users\kirgintseva\.m2\repository\javax\annotation\jsr250-api\1.0\jsr250-api-1.0.jar;C:\Users\kirgintseva\.m2\repository\javax\inject\javax.inject\1\javax.inject-1.jar;C:\Users\kirgintseva\.m2\repository\org\sonatype\sisu\sisu-guice\3.1.0\sisu-guice-3.1.0-no_aop.jar;C:\Users\kirgintseva\.m2\repository\aopalliance\aopalliance\1.0\aopalliance-1.0.jar;C:\Users\kirgintseva\.m2\repository\org\eclipse\sisu\org.eclipse.sisu.inject\0.0.0.M2a\org.eclipse.sisu.inject-0.0.0.M2a.jar;C:\Users\kirgintseva\.m2\repository\asm\asm\3.3.1\asm-3.3.1.jar;C:\Users\kirgintseva\.m2\repository\org\codehaus\plexus\plexus-interpolation\1.16\plexus-interpolation-1.16.jar;C:\Users\kirgintseva\.m2\repository\org\codehaus\plexus\plexus-classworlds\2.4.2\plexus-classworlds-2.4.2.jar;C:\Users\kirgintseva\.m2\repository\org\sonatype\plexus\plexus-sec-dispatcher\1.3\plexus-sec-dispatcher-1.3.jar;C:\Users\kirgintseva\.m2\repository\org\sonatype\plexus\plexus-cipher\1.4\plexus-cipher-1.4.jar;C:\Users\kirgintseva\.m2\repository\org\apache\maven\maven-plugin-api\3.1.0\maven-plugin-api-3.1.0.jar;C:\Users\kirgintseva\.m2\repository\org\apache\maven\surefire\surefire-shared-utils\3.0.0-M7\surefire-shared-utils-3.0.0-M7.jar;C:\Users\kirgintseva\.m2\repository\org\apache\maven\plugins\maven-compiler-plugin\3.10.1\maven-compiler-plugin-3.10.1.jar;C:\Users\kirgintseva\.m2\repository\org\apache\maven\shared\maven-shared-utils\3.3.4\maven-shared-utils-3.3.4.jar;C:\Users\kirgintseva\.m2\repository\commons-io\commons-io\2.6\commons-io-2.6.jar;C:\Users\kirgintseva\.m2\repository\org\apache\maven\shared\maven-shared-incremental\1.1\maven-shared-incremental-1.1.jar;C:\Users\kirgintseva\.m2\repository\org\codehaus\plexus\plexus-component-annotations\1.5.5\plexus-component-annotations-1.5.5.jar;C:\Users\kirgintseva\.m2\repository\org\codehaus\plexus\plexus-java\1.1.1\plexus-java-1.1.1.jar;C:\Users\kirgintseva\.m2\repository\org\ow2\asm\asm\9.2\asm-9.2.jar;C:\Users\kirgintseva\.m2\repository\com\thoughtworks\qdox\qdox\2.0.1\qdox-2.0.1.jar;C:\Users\kirgintseva\.m2\repository\org\codehaus\plexus\plexus-compiler-api\2.11.1\plexus-compiler-api-2.11.1.jar;C:\Users\kirgintseva\.m2\repository\org\codehaus\plexus\plexus-utils\3.4.1\plexus-utils-3.4.1.jar;C:\Users\kirgintseva\.m2\repository\org\codehaus\plexus\plexus-compiler-manager\2.11.1\plexus-compiler-manager-2.11.1.jar;C:\Users\kirgintseva\.m2\repository\org\codehaus\plexus\plexus-compiler-javac\2.11.1\plexus-compiler-javac-2.11.1.jar;C:\Users\kirgintseva\.m2\repository\org\apache\logging\log4j\log4j-core\2.19.0\log4j-core-2.19.0.jar;C:\Users\kirgintseva\.m2\repository\org\apache\logging\log4j\log4j-api\2.19.0\log4j-api-2.19.0.jar;C:\Users\kirgintseva\.m2\repository\org\apache\logging\log4j\log4j-slf4j-impl\2.19.0\log4j-slf4j-impl-2.19.0.jar;"/>
    <property name="java.vm.vendor" value="Oracle Corporation"/>
    <property name="sun.arch.data.model" value="64"/>
    <property name="user.variant" value=""/>
    <property name="java.vendor.url" value="http://java.oracle.com/"/>
    <property name="user.timezone" value="Europe/Moscow"/>
    <property name="java.vm.specification.version" value="1.8"/>
    <property name="os.name" value="Windows 10"/>
    <property name="user.country" value="RU"/>
    <property name="sun.java.launcher" value="SUN_STANDARD"/>
    <property name="sun.boot.library.path" value="C:\Program Files\Java\jdk1.8.0_351\jre\bin"/>
    <property name="sun.java.command" value="C:\Users\kirgintseva\AppData\Local\Temp\surefire5217766220941407433\surefirebooter-20230114140458555_3.jar C:\Users\kirgintseva\AppData\Local\Temp\surefire5217766220941407433 2023-01-14T14-04-57_798-jvmRun1 surefire-20230114140458555_1tmp surefire_0-20230114140458555_2tmp"/>
    <property name="surefire.test.class.path" value="C:\Users\kirgintseva\IdeaProjects\Homework_4\target\test-classes;C:\Users\kirgintseva\IdeaProjects\Homework_4\target\classes;C:\Users\kirgintseva\.m2\repository\org\junit\jupiter\junit-jupiter-api\5.9.1\junit-jupiter-api-5.9.1.jar;C:\Users\kirgintseva\.m2\repository\org\opentest4j\opentest4j\1.2.0\opentest4j-1.2.0.jar;C:\Users\kirgintseva\.m2\repository\org\junit\platform\junit-platform-commons\1.9.1\junit-platform-commons-1.9.1.jar;C:\Users\kirgintseva\.m2\repository\org\apiguardian\apiguardian-api\1.1.2\apiguardian-api-1.1.2.jar;C:\Users\kirgintseva\.m2\repository\org\seleniumhq\selenium\selenium-java\4.7.1\selenium-java-4.7.1.jar;C:\Users\kirgintseva\.m2\repository\org\seleniumhq\selenium\selenium-api\4.7.1\selenium-api-4.7.1.jar;C:\Users\kirgintseva\.m2\repository\org\seleniumhq\selenium\selenium-chrome-driver\4.7.1\selenium-chrome-driver-4.7.1.jar;C:\Users\kirgintseva\.m2\repository\com\google\auto\service\auto-service-annotations\1.0.1\auto-service-annotations-1.0.1.jar;C:\Users\kirgintseva\.m2\repository\com\google\auto\service\auto-service\1.0.1\auto-service-1.0.1.jar;C:\Users\kirgintseva\.m2\repository\com\google\auto\auto-common\1.2\auto-common-1.2.jar;C:\Users\kirgintseva\.m2\repository\com\google\guava\guava\31.1-jre\guava-31.1-jre.jar;C:\Users\kirgintseva\.m2\repository\com\google\guava\failureaccess\1.0.1\failureaccess-1.0.1.jar;C:\Users\kirgintseva\.m2\repository\com\google\guava\listenablefuture\9999.0-empty-to-avoid-conflict-with-guava\listenablefuture-9999.0-empty-to-avoid-conflict-with-guava.jar;C:\Users\kirgintseva\.m2\repository\com\google\code\findbugs\jsr305\3.0.2\jsr305-3.0.2.jar;C:\Users\kirgintseva\.m2\repository\org\checkerframework\checker-qual\3.12.0\checker-qual-3.12.0.jar;C:\Users\kirgintseva\.m2\repository\com\google\errorprone\error_prone_annotations\2.11.0\error_prone_annotations-2.11.0.jar;C:\Users\kirgintseva\.m2\repository\com\google\j2objc\j2objc-annotations\1.3\j2objc-annotations-1.3.jar;C:\Users\kirgintseva\.m2\repository\org\seleniumhq\selenium\selenium-chromium-driver\4.7.1\selenium-chromium-driver-4.7.1.jar;C:\Users\kirgintseva\.m2\repository\org\seleniumhq\selenium\selenium-json\4.7.1\selenium-json-4.7.1.jar;C:\Users\kirgintseva\.m2\repository\org\seleniumhq\selenium\selenium-devtools-v106\4.7.1\selenium-devtools-v106-4.7.1.jar;C:\Users\kirgintseva\.m2\repository\org\seleniumhq\selenium\selenium-devtools-v107\4.7.1\selenium-devtools-v107-4.7.1.jar;C:\Users\kirgintseva\.m2\repository\org\seleniumhq\selenium\selenium-devtools-v108\4.7.1\selenium-devtools-v108-4.7.1.jar;C:\Users\kirgintseva\.m2\repository\org\seleniumhq\selenium\selenium-devtools-v85\4.7.1\selenium-devtools-v85-4.7.1.jar;C:\Users\kirgintseva\.m2\repository\org\seleniumhq\selenium\selenium-edge-driver\4.7.1\selenium-edge-driver-4.7.1.jar;C:\Users\kirgintseva\.m2\repository\org\seleniumhq\selenium\selenium-firefox-driver\4.7.1\selenium-firefox-driver-4.7.1.jar;C:\Users\kirgintseva\.m2\repository\org\seleniumhq\selenium\selenium-http\4.7.1\selenium-http-4.7.1.jar;C:\Users\kirgintseva\.m2\repository\dev\failsafe\failsafe\3.3.0\failsafe-3.3.0.jar;C:\Users\kirgintseva\.m2\repository\org\seleniumhq\selenium\selenium-ie-driver\4.7.1\selenium-ie-driver-4.7.1.jar;C:\Users\kirgintseva\.m2\repository\org\seleniumhq\selenium\selenium-remote-driver\4.7.1\selenium-remote-driver-4.7.1.jar;C:\Users\kirgintseva\.m2\repository\com\beust\jcommander\1.82\jcommander-1.82.jar;C:\Users\kirgintseva\.m2\repository\io\netty\netty-buffer\4.1.84.Final\netty-buffer-4.1.84.Final.jar;C:\Users\kirgintseva\.m2\repository\io\netty\netty-codec-http\4.1.84.Final\netty-codec-http-4.1.84.Final.jar;C:\Users\kirgintseva\.m2\repository\io\netty\netty-codec\4.1.84.Final\netty-codec-4.1.84.Final.jar;C:\Users\kirgintseva\.m2\repository\io\netty\netty-handler\4.1.84.Final\netty-handler-4.1.84.Final.jar;C:\Users\kirgintseva\.m2\repository\io\netty\netty-common\4.1.84.Final\netty-common-4.1.84.Final.jar;C:\Users\kirgintseva\.m2\repository\io\netty\netty-transport-classes-epoll\4.1.84.Final\netty-transport-classes-epoll-4.1.84.Final.jar;C:\Users\kirgintseva\.m2\repository\io\netty\netty-transport-classes-kqueue\4.1.84.Final\netty-transport-classes-kqueue-4.1.84.Final.jar;C:\Users\kirgintseva\.m2\repository\io\netty\netty-transport-native-epoll\4.1.84.Final\netty-transport-native-epoll-4.1.84.Final.jar;C:\Users\kirgintseva\.m2\repository\io\netty\netty-transport-native-kqueue\4.1.84.Final\netty-transport-native-kqueue-4.1.84.Final.jar;C:\Users\kirgintseva\.m2\repository\io\netty\netty-transport-native-unix-common\4.1.84.Final\netty-transport-native-unix-common-4.1.84.Final.jar;C:\Users\kirgintseva\.m2\repository\io\netty\netty-transport\4.1.84.Final\netty-transport-4.1.84.Final.jar;C:\Users\kirgintseva\.m2\repository\io\netty\netty-resolver\4.1.84.Final\netty-resolver-4.1.84.Final.jar;C:\Users\kirgintseva\.m2\repository\io\opentelemetry\opentelemetry-api\1.19.0\opentelemetry-api-1.19.0.jar;C:\Users\kirgintseva\.m2\repository\io\opentelemetry\opentelemetry-context\1.19.0\opentelemetry-context-1.19.0.jar;C:\Users\kirgintseva\.m2\repository\io\opentelemetry\opentelemetry-exporter-logging\1.19.0\opentelemetry-exporter-logging-1.19.0.jar;C:\Users\kirgintseva\.m2\repository\io\opentelemetry\opentelemetry-sdk-metrics\1.19.0\opentelemetry-sdk-metrics-1.19.0.jar;C:\Users\kirgintseva\.m2\repository\io\opentelemetry\opentelemetry-sdk-logs\1.19.0-alpha\opentelemetry-sdk-logs-1.19.0-alpha.jar;C:\Users\kirgintseva\.m2\repository\io\opentelemetry\opentelemetry-api-logs\1.19.0-alpha\opentelemetry-api-logs-1.19.0-alpha.jar;C:\Users\kirgintseva\.m2\repository\io\opentelemetry\opentelemetry-sdk-common\1.19.0\opentelemetry-sdk-common-1.19.0.jar;C:\Users\kirgintseva\.m2\repository\io\opentelemetry\opentelemetry-sdk-extension-autoconfigure-spi\1.19.0\opentelemetry-sdk-extension-autoconfigure-spi-1.19.0.jar;C:\Users\kirgintseva\.m2\repository\io\opentelemetry\opentelemetry-sdk-extension-autoconfigure\1.19.0-alpha\opentelemetry-sdk-extension-autoconfigure-1.19.0-alpha.jar;C:\Users\kirgintseva\.m2\repository\io\opentelemetry\opentelemetry-exporter-common\1.19.0\opentelemetry-exporter-common-1.19.0.jar;C:\Users\kirgintseva\.m2\repository\io\opentelemetry\opentelemetry-sdk-trace\1.19.0\opentelemetry-sdk-trace-1.19.0.jar;C:\Users\kirgintseva\.m2\repository\io\opentelemetry\opentelemetry-sdk\1.19.0\opentelemetry-sdk-1.19.0.jar;C:\Users\kirgintseva\.m2\repository\io\opentelemetry\opentelemetry-semconv\1.19.0-alpha\opentelemetry-semconv-1.19.0-alpha.jar;C:\Users\kirgintseva\.m2\repository\io\ous\jtoml\2.0.0\jtoml-2.0.0.jar;C:\Users\kirgintseva\.m2\repository\net\bytebuddy\byte-buddy\1.12.18\byte-buddy-1.12.18.jar;C:\Users\kirgintseva\.m2\repository\org\apache\commons\commons-exec\1.3\commons-exec-1.3.jar;C:\Users\kirgintseva\.m2\repository\org\asynchttpclient\async-http-client\2.12.3\async-http-client-2.12.3.jar;C:\Users\kirgintseva\.m2\repository\org\asynchttpclient\async-http-client-netty-utils\2.12.3\async-http-client-netty-utils-2.12.3.jar;C:\Users\kirgintseva\.m2\repository\io\netty\netty-codec-socks\4.1.60.Final\netty-codec-socks-4.1.60.Final.jar;C:\Users\kirgintseva\.m2\repository\io\netty\netty-handler-proxy\4.1.60.Final\netty-handler-proxy-4.1.60.Final.jar;C:\Users\kirgintseva\.m2\repository\io\netty\netty-transport-native-epoll\4.1.60.Final\netty-transport-native-epoll-4.1.60.Final-linux-x86_64.jar;C:\Users\kirgintseva\.m2\repository\io\netty\netty-transport-native-kqueue\4.1.60.Final\netty-transport-native-kqueue-4.1.60.Final-osx-x86_64.jar;C:\Users\kirgintseva\.m2\repository\org\reactivestreams\reactive-streams\1.0.3\reactive-streams-1.0.3.jar;C:\Users\kirgintseva\.m2\repository\com\typesafe\netty\netty-reactive-streams\2.0.4\netty-reactive-streams-2.0.4.jar;C:\Users\kirgintseva\.m2\repository\com\sun\activation\jakarta.activation\1.2.2\jakarta.activation-1.2.2.jar;C:\Users\kirgintseva\.m2\repository\org\seleniumhq\selenium\selenium-manager\4.7.1\selenium-manager-4.7.1.jar;C:\Users\kirgintseva\.m2\repository\org\seleniumhq\selenium\selenium-safari-driver\4.7.1\selenium-safari-driver-4.7.1.jar;C:\Users\kirgintseva\.m2\repository\org\seleniumhq\selenium\selenium-support\4.7.1\selenium-support-4.7.1.jar;C:\Users\kirgintseva\.m2\repository\io\github\bonigarcia\webdrivermanager\5.3.1\webdrivermanager-5.3.1.jar;C:\Users\kirgintseva\.m2\repository\org\slf4j\slf4j-api\2.0.3\slf4j-api-2.0.3.jar;C:\Users\kirgintseva\.m2\repository\com\google\code\gson\gson\2.10\gson-2.10.jar;C:\Users\kirgintseva\.m2\repository\com\github\docker-java\docker-java\3.2.13\docker-java-3.2.13.jar;C:\Users\kirgintseva\.m2\repository\com\github\docker-java\docker-java-core\3.2.13\docker-java-core-3.2.13.jar;C:\Users\kirgintseva\.m2\repository\com\github\docker-java\docker-java-api\3.2.13\docker-java-api-3.2.13.jar;C:\Users\kirgintseva\.m2\repository\com\fasterxml\jackson\core\jackson-annotations\2.10.3\jackson-annotations-2.10.3.jar;C:\Users\kirgintseva\.m2\repository\org\apache\commons\commons-compress\1.21\commons-compress-1.21.jar;C:\Users\kirgintseva\.m2\repository\com\fasterxml\jackson\core\jackson-databind\2.10.3\jackson-databind-2.10.3.jar;C:\Users\kirgintseva\.m2\repository\com\fasterxml\jackson\core\jackson-core\2.10.3\jackson-core-2.10.3.jar;C:\Users\kirgintseva\.m2\repository\org\bouncycastle\bcpkix-jdk15on\1.64\bcpkix-jdk15on-1.64.jar;C:\Users\kirgintseva\.m2\repository\org\bouncycastle\bcprov-jdk15on\1.64\bcprov-jdk15on-1.64.jar;C:\Users\kirgintseva\.m2\repository\org\slf4j\jcl-over-slf4j\1.7.30\jcl-over-slf4j-1.7.30.jar;C:\Users\kirgintseva\.m2\repository\com\github\docker-java\docker-java-transport-httpclient5\3.2.13\docker-java-transport-httpclient5-3.2.13.jar;C:\Users\kirgintseva\.m2\repository\com\github\docker-java\docker-java-transport\3.2.13\docker-java-transport-3.2.13.jar;C:\Users\kirgintseva\.m2\repository\net\java\dev\jna\jna\5.8.0\jna-5.8.0.jar;C:\Users\kirgintseva\.m2\repository\org\brotli\dec\0.1.2\dec-0.1.2.jar;C:\Users\kirgintseva\.m2\repository\org\apache\commons\commons-lang3\3.12.0\commons-lang3-3.12.0.jar;C:\Users\kirgintseva\.m2\repository\org\apache\httpcomponents\client5\httpclient5\5.1.3\httpclient5-5.1.3.jar;C:\Users\kirgintseva\.m2\repository\org\apache\httpcomponents\core5\httpcore5\5.1.3\httpcore5-5.1.3.jar;C:\Users\kirgintseva\.m2\repository\org\apache\httpcomponents\core5\httpcore5-h2\5.1.3\httpcore5-h2-5.1.3.jar;C:\Users\kirgintseva\.m2\repository\commons-codec\commons-codec\1.15\commons-codec-1.15.jar;C:\Users\kirgintseva\.m2\repository\org\apache\maven\plugins\maven-surefire-plugin\3.0.0-M7\maven-surefire-plugin-3.0.0-M7.jar;C:\Users\kirgintseva\.m2\repository\org\apache\maven\surefire\maven-surefire-common\3.0.0-M7\maven-surefire-common-3.0.0-M7.jar;C:\Users\kirgintseva\.m2\repository\org\apache\maven\surefire\surefire-api\3.0.0-M7\surefire-api-3.0.0-M7.jar;C:\Users\kirgintseva\.m2\repository\org\apache\maven\surefire\surefire-logger-api\3.0.0-M7\surefire-logger-api-3.0.0-M7.jar;C:\Users\kirgintseva\.m2\repository\org\apache\maven\surefire\surefire-extensions-api\3.0.0-M7\surefire-extensions-api-3.0.0-M7.jar;C:\Users\kirgintseva\.m2\repository\org\apache\maven\surefire\surefire-booter\3.0.0-M7\surefire-booter-3.0.0-M7.jar;C:\Users\kirgintseva\.m2\repository\org\apache\maven\surefire\surefire-extensions-spi\3.0.0-M7\surefire-extensions-spi-3.0.0-M7.jar;C:\Users\kirgintseva\.m2\repository\org\apache\maven\shared\maven-common-artifact-filters\3.1.1\maven-common-artifact-filters-3.1.1.jar;C:\Users\kirgintseva\.m2\repository\org\apache\maven\maven-artifact\3.1.0\maven-artifact-3.1.0.jar;C:\Users\kirgintseva\.m2\repository\org\apache\maven\maven-core\3.1.0\maven-core-3.1.0.jar;C:\Users\kirgintseva\.m2\repository\org\apache\maven\maven-settings\3.1.0\maven-settings-3.1.0.jar;C:\Users\kirgintseva\.m2\repository\org\apache\maven\maven-settings-builder\3.1.0\maven-settings-builder-3.1.0.jar;C:\Users\kirgintseva\.m2\repository\org\apache\maven\maven-repository-metadata\3.1.0\maven-repository-metadata-3.1.0.jar;C:\Users\kirgintseva\.m2\repository\org\apache\maven\maven-model-builder\3.1.0\maven-model-builder-3.1.0.jar;C:\Users\kirgintseva\.m2\repository\org\apache\maven\maven-aether-provider\3.1.0\maven-aether-provider-3.1.0.jar;C:\Users\kirgintseva\.m2\repository\org\eclipse\aether\aether-spi\0.9.0.M2\aether-spi-0.9.0.M2.jar;C:\Users\kirgintseva\.m2\repository\org\eclipse\aether\aether-impl\0.9.0.M2\aether-impl-0.9.0.M2.jar;C:\Users\kirgintseva\.m2\repository\org\eclipse\aether\aether-api\0.9.0.M2\aether-api-0.9.0.M2.jar;C:\Users\kirgintseva\.m2\repository\org\eclipse\aether\aether-util\0.9.0.M2\aether-util-0.9.0.M2.jar;C:\Users\kirgintseva\.m2\repository\org\eclipse\sisu\org.eclipse.sisu.plexus\0.0.0.M2a\org.eclipse.sisu.plexus-0.0.0.M2a.jar;C:\Users\kirgintseva\.m2\repository\javax\enterprise\cdi-api\1.0\cdi-api-1.0.jar;C:\Users\kirgintseva\.m2\repository\javax\annotation\jsr250-api\1.0\jsr250-api-1.0.jar;C:\Users\kirgintseva\.m2\repository\javax\inject\javax.inject\1\javax.inject-1.jar;C:\Users\kirgintseva\.m2\repository\org\sonatype\sisu\sisu-guice\3.1.0\sisu-guice-3.1.0-no_aop.jar;C:\Users\kirgintseva\.m2\repository\aopalliance\aopalliance\1.0\aopalliance-1.0.jar;C:\Users\kirgintseva\.m2\repository\org\eclipse\sisu\org.eclipse.sisu.inject\0.0.0.M2a\org.eclipse.sisu.inject-0.0.0.M2a.jar;C:\Users\kirgintseva\.m2\repository\asm\asm\3.3.1\asm-3.3.1.jar;C:\Users\kirgintseva\.m2\repository\org\codehaus\plexus\plexus-interpolation\1.16\plexus-interpolation-1.16.jar;C:\Users\kirgintseva\.m2\repository\org\codehaus\plexus\plexus-classworlds\2.4.2\plexus-classworlds-2.4.2.jar;C:\Users\kirgintseva\.m2\repository\org\sonatype\plexus\plexus-sec-dispatcher\1.3\plexus-sec-dispatcher-1.3.jar;C:\Users\kirgintseva\.m2\repository\org\sonatype\plexus\plexus-cipher\1.4\plexus-cipher-1.4.jar;C:\Users\kirgintseva\.m2\repository\org\apache\maven\maven-plugin-api\3.1.0\maven-plugin-api-3.1.0.jar;C:\Users\kirgintseva\.m2\repository\org\apache\maven\surefire\surefire-shared-utils\3.0.0-M7\surefire-shared-utils-3.0.0-M7.jar;C:\Users\kirgintseva\.m2\repository\org\apache\maven\plugins\maven-compiler-plugin\3.10.1\maven-compiler-plugin-3.10.1.jar;C:\Users\kirgintseva\.m2\repository\org\apache\maven\shared\maven-shared-utils\3.3.4\maven-shared-utils-3.3.4.jar;C:\Users\kirgintseva\.m2\repository\commons-io\commons-io\2.6\commons-io-2.6.jar;C:\Users\kirgintseva\.m2\repository\org\apache\maven\shared\maven-shared-incremental\1.1\maven-shared-incremental-1.1.jar;C:\Users\kirgintseva\.m2\repository\org\codehaus\plexus\plexus-component-annotations\1.5.5\plexus-component-annotations-1.5.5.jar;C:\Users\kirgintseva\.m2\repository\org\codehaus\plexus\plexus-java\1.1.1\plexus-java-1.1.1.jar;C:\Users\kirgintseva\.m2\repository\org\ow2\asm\asm\9.2\asm-9.2.jar;C:\Users\kirgintseva\.m2\repository\com\thoughtworks\qdox\qdox\2.0.1\qdox-2.0.1.jar;C:\Users\kirgintseva\.m2\repository\org\codehaus\plexus\plexus-compiler-api\2.11.1\plexus-compiler-api-2.11.1.jar;C:\Users\kirgintseva\.m2\repository\org\codehaus\plexus\plexus-utils\3.4.1\plexus-utils-3.4.1.jar;C:\Users\kirgintseva\.m2\repository\org\codehaus\plexus\plexus-compiler-manager\2.11.1\plexus-compiler-manager-2.11.1.jar;C:\Users\kirgintseva\.m2\repository\org\codehaus\plexus\plexus-compiler-javac\2.11.1\plexus-compiler-javac-2.11.1.jar;C:\Users\kirgintseva\.m2\repository\org\apache\logging\log4j\log4j-core\2.19.0\log4j-core-2.19.0.jar;C:\Users\kirgintseva\.m2\repository\org\apache\logging\log4j\log4j-api\2.19.0\log4j-api-2.19.0.jar;C:\Users\kirgintseva\.m2\repository\org\apache\logging\log4j\log4j-slf4j-impl\2.19.0\log4j-slf4j-impl-2.19.0.jar;"/>
    <property name="sun.cpu.endian" value="little"/>
    <property name="user.home" value="C:\Users\kirgintseva"/>
    <property name="user.language" value="ru"/>
    <property name="java.specification.vendor" value="Oracle Corporation"/>
    <property name="java.home" value="C:\Program Files\Java\jdk1.8.0_351\jre"/>
    <property name="basedir" value="C:\Users\kirgintseva\IdeaProjects\Homework_4"/>
    <property name="file.separator" value="\"/>
    <property name="line.separator" value="&#10;"/>
    <property name="java.vm.specification.vendor" value="Oracle Corporation"/>
    <property name="java.specification.name" value="Java Platform API Specification"/>
    <property name="java.awt.graphicsenv" value="sun.awt.Win32GraphicsEnvironment"/>
    <property name="surefire.real.class.path" value="C:\Users\kirgintseva\AppData\Local\Temp\surefire5217766220941407433\surefirebooter-20230114140458555_3.jar"/>
    <property name="sun.boot.class.path" value="C:\Program Files\Java\jdk1.8.0_351\jre\lib\resources.jar;C:\Program Files\Java\jdk1.8.0_351\jre\lib\rt.jar;C:\Program Files\Java\jdk1.8.0_351\jre\lib\jsse.jar;C:\Program Files\Java\jdk1.8.0_351\jre\lib\jce.jar;C:\Program Files\Java\jdk1.8.0_351\jre\lib\charsets.jar;C:\Program Files\Java\jdk1.8.0_351\jre\lib\jfr.jar;C:\Program Files\Java\jdk1.8.0_351\jre\classes"/>
    <property name="user.script" value=""/>
    <property name="sun.management.compiler" value="HotSpot 64-Bit Tiered Compilers"/>
    <property name="java.runtime.version" value="1.8.0_351-b10"/>
    <property name="user.name" value="kirgintseva"/>
    <property name="path.separator" value=";"/>
    <property name="os.version" value="10.0"/>
    <property name="java.endorsed.dirs" value="C:\Program Files\Java\jdk1.8.0_351\jre\lib\endorsed"/>
    <property name="java.runtime.name" value="Java(TM) SE Runtime Environment"/>
    <property name="file.encoding" value="Cp1251"/>
    <property name="java.vm.name" value="Java HotSpot(TM) 64-Bit Server VM"/>
    <property name="localRepository" value="C:\Users\kirgintseva\.m2\repository"/>
    <property name="java.vendor.url.bug" value="http://bugreport.sun.com/bugreport/"/>
    <property name="java.io.tmpdir" value="C:\Users\KIRGIN~1\AppData\Local\Temp\"/>
    <property name="java.version" value="1.8.0_351"/>
    <property name="user.dir" value="C:\Users\kirgintseva\IdeaProjects\Homework_4"/>
    <property name="os.arch" value="amd64"/>
    <property name="java.vm.specification.name" value="Java Virtual Machine Specification"/>
    <property name="java.awt.printerjob" value="sun.awt.windows.WPrinterJob"/>
    <property name="sun.os.patch.level" value=""/>
    <property name="java.library.path" value="C:\Program Files\Java\jdk1.8.0_351\jre\bin;C:\WINDOWS\Sun\Java\bin;C:\WINDOWS\system32;C:\WINDOWS;C:\Program Files (x86)\Common Files\Oracle\Java\javapath;C:\WINDOWS\system32;C:\WINDOWS;C:\WINDOWS\System32\Wbem;C:\WINDOWS\System32\WindowsPowerShell\v1.0\;C:\WINDOWS\System32\OpenSSH\;C:\Program Files\Java\jdk1.8.0_351\bin;C:\Program Files\Maven\apache-maven-3.8.6\bin;C:\Program Files\Git\cmd;C:\Users\kirgintseva\AppData\Local\Microsoft\WindowsApps;C:\Users\kirgintseva\AppData\Local\JetBrains\Toolbox\scripts;C:\Users\kirgintseva\AppData\Local\Programs\EmEditor;."/>
    <property name="java.vm.info" value="mixed mode"/>
    <property name="java.vendor" value="Oracle Corporation"/>
    <property name="java.vm.version" value="25.351-b10"/>
    <property name="java.specification.maintenance.version" value="4"/>
    <property name="java.ext.dirs" value="C:\Program Files\Java\jdk1.8.0_351\jre\lib\ext;C:\WINDOWS\Sun\Java\lib\ext"/>
    <property name="sun.io.unicode.encoding" value="UnicodeLittle"/>
    <property name="java.class.version" value="52.0"/>
  </properties>
  <testcase name="thirdTask" classname="MainTest" time="8.996">
    <system-out><![CDATA[[14:05:07.671] | INFO  | main                             | class MainTest                   | [advcake_track_id=06dfc65b-8c05-dd56-1781-6a06b59ae4fe; expires=Пн, 13 фев 2023 02:05:04 MSK; path=/; domain=.otus.ru, oid=175d604efd814deb85fe5eae5ca61dbf; expires=Вс, 18 фев 2024 02:05:06 MSK; path=/; domain=.otus.ru, sessionid=dgv0o3q0syo368act9a8t76hhn2yqvn5; expires=Пт, 14 апр 2023 02:05:04 MSK; path=/; domain=otus.ru;secure;; sameSite=Lax, _ym_d=1673694305; expires=Вс, 14 янв 2024 02:05:04 MSK; path=/; domain=.otus.ru;secure;; sameSite=None, _tt_enable_cookie=1; expires=Чт, 08 фев 2024 02:05:06 MSK; path=/; domain=.otus.ru, _ym_visorc=w; expires=Сб, 14 янв 2023 02:35:05 MSK; path=/; domain=.otus.ru;secure;; sameSite=None, _gid=GA1.2.293988660.1673694305; expires=Вс, 15 янв 2023 02:05:05 MSK; path=/; domain=.otus.ru, gdeslon.ru.__arc_domain=gdeslon.ru; expires=Чт, 13 июл 2023 02:05:05 MSK; path=/; domain=.otus.ru, utm=utm_source%3Dtypein%26utm_medium%3Ddirect%26utm_campaign%3DNone; expires=Вс, 18 фев 2024 02:05:06 MSK; path=/; domain=.otus.ru, analytic_id=1673694306814442; expires=Вс, 18 фев 2024 02:05:06 MSK; path=/; domain=.otus.ru, _ym_uid=1673694305170078370; expires=Вс, 14 янв 2024 02:05:04 MSK; path=/; domain=.otus.ru;secure;; sameSite=None, gdeslon.ru.user_id=b632ac6a-49ec-4f63-82a7-b1e3a2aa5e38; expires=Чт, 13 июл 2023 02:05:05 MSK; path=/; domain=.otus.ru, _gat=1; expires=Сб, 14 янв 2023 02:06:05 MSK; path=/; domain=.otus.ru, _ym_isad=2; expires=Вс, 15 янв 2023 10:05:05 MSK; path=/; domain=.otus.ru;secure;; sameSite=None, _ga=GA1.2.793287564.1673694305; expires=Вс, 18 фев 2024 02:05:05 MSK; path=/; domain=.otus.ru, _ttp=BgxEE_RZwZeL1QPWzNsjhiQ1vfc; expires=Чт, 08 фев 2024 02:05:06 MSK; path=/; domain=.otus.ru, advcake_session_id=7865fcb0-97b0-6233-26eb-ba48d45de1d0; expires=Пн, 13 фев 2023 02:05:04 MSK; path=/; domain=.otus.ru]
]]></system-out>
    <system-err><![CDATA[SLF4J: No SLF4J providers were found.
SLF4J: Defaulting to no-operation (NOP) logger implementation
SLF4J: See https://www.slf4j.org/codes.html#noProviders for further details.
SLF4J: Class path contains SLF4J bindings targeting slf4j-api versions 1.7.x or earlier.
SLF4J: Ignoring binding found at [jar:file:/C:/Users/kirgintseva/.m2/repository/org/apache/logging/log4j/log4j-slf4j-impl/2.19.0/log4j-slf4j-impl-2.19.0.jar!/org/slf4j/impl/StaticLoggerBinder.class]
SLF4J: See https://www.slf4j.org/codes.html#ignoredBindings for an explanation.
Starting ChromeDriver 108.0.5359.71 (1e0e3868ee06e91ad636a874420e3ca3ae3756ac-refs/branch-heads/5359@{#1016}) on port 33084
Only local connections are allowed.
Please see https://chromedriver.chromium.org/security-considerations for suggestions on keeping ChromeDriver safe.
ChromeDriver was started successfully.
]]></system-err>
  </testcase>
  <testcase name="firstTask" classname="MainTest" time="4.166">
    <system-err><![CDATA[Starting ChromeDriver 108.0.5359.71 (1e0e3868ee06e91ad636a874420e3ca3ae3756ac-refs/branch-heads/5359@{#1016}) on port 16536
Only local connections are allowed.
Please see https://chromedriver.chromium.org/security-considerations for suggestions on keeping ChromeDriver safe.
ChromeDriver was started successfully.
]]></system-err>
  </testcase>
  <testcase name="secondTask" classname="MainTest" time="2.779">
    <system-err><![CDATA[Starting ChromeDriver 108.0.5359.71 (1e0e3868ee06e91ad636a874420e3ca3ae3756ac-refs/branch-heads/5359@{#1016}) on port 33506
Only local connections are allowed.
Please see https://chromedriver.chromium.org/security-considerations for suggestions on keeping ChromeDriver safe.
ChromeDriver was started successfully.
]]></system-err>
  </testcase>
</testsuite>